2018-05-18 11:47:08 INFO  - Statistics for search query 'sex' with tweets count: 10000
Average retweets: 0.1899
Average favourites: 0.5025
2018-05-18 11:53:46 INFO  - Statistics for search query 'apple' with tweets count: 10000
Average retweets: 0.9188
Average favourites: 2.229
2018-05-18 12:00:31 INFO  - Statistics for search query 'KPI' with tweets count: 10000
Average retweets: 1.2016
Average favourites: 2.1471
2018-05-18 12:06:49 INFO  - Statistics for search query 'God' with tweets count: 10000
Average retweets: 0.7858
Average favourites: 1.3963
2018-05-18 12:26:16 INFO  - Statistics for search query 'sex' with tweets count: 20000
Average retweets: 2.00755
Average favourites: 3.33225
2018-05-18 12:47:10 INFO  - Statistics for search query 'sex' with tweets count: 20000
Average retweets: 2.06405
Average favourites: 3.41705
2018-05-18 16:07:31 INFO  - Statistics for search query 'Порошенко' with tweets count: 300
Average retweets: 0.6166666666666667
Average favourites: 0.7466666666666667
2018-05-18 16:07:45 INFO  - Statistics for search query 'Путин' with tweets count: 300
Average retweets: 0.42333333333333334
Average favourites: 0.78
2018-05-18 16:08:26 INFO  - Statistics for search query 'Порошенко' with tweets count: 600
Average retweets: 0.5783333333333334
Average favourites: 0.7683333333333333
2018-05-18 16:08:51 INFO  - Statistics for search query 'Путин' with tweets count: 600
Average retweets: 0.8616666666666667
Average favourites: 1.22
2018-05-18 16:09:57 INFO  - Statistics for search query 'Порошенко' with tweets count: 1000
Average retweets: 1.466
Average favourites: 1.554
2018-05-18 16:10:41 INFO  - Statistics for search query 'Путин' with tweets count: 1000
Average retweets: 0.821
Average favourites: 1.326
2018-05-18 16:11:30 INFO  - Statistics for search query 'sex' with tweets count: 1000
Average retweets: 0.032
Average favourites: 0.097
2018-05-18 16:12:09 INFO  - Statistics for search query 'apple' with tweets count: 1000
Average retweets: 0.081
Average favourites: 0.292
2018-05-18 16:12:49 INFO  - Statistics for search query 'KPI' with tweets count: 1000
Average retweets: 0.487
Average favourites: 1.444
2018-05-18 16:13:27 INFO  - Statistics for search query 'God' with tweets count: 1000
Average retweets: 0.074
Average favourites: 0.262
